#
# A fatal error has been detected by the Java Runtime Environment:
#
#  Internal Error (t:/workspace/open/src/hotspot/share/oops/generateOopMap.cpp:2162), pid=8448, tid=4804
#  fatal error: Illegal class file encountered. Try running with -Xverify:all in method putGoodsToBacket
#
# JRE version: Java(TM) SE Runtime Environment (10.0.1+10) (build 10.0.1+10)
# Java VM: Java HotSpot(TM) 64-Bit Server VM (10.0.1+10, mixed mode, tiered, compressed oops, g1 gc, windows-amd64)
# No core dump will be written. Minidumps are not enabled by default on client versions of Windows
#
# If you would like to submit a bug report, please visit:
#   http://bugreport.java.com/bugreport/crash.jsp
#

---------------  S U M M A R Y ------------

Command Line: -agentlib:jdwp=transport=dt_socket,address=127.0.0.1:53742,suspend=y,server=n -javaagent:C:\Users\Admin\AppData\Local\Temp\capture1jars\debugger-agent.jar=file:/C:/Users/Admin/AppData/Local/Temp/capture.props -Dfile.encoding=UTF-8 by.it.danilevich.jd02_01.Runner

Host: Intel(R) Core(TM) i5-7200U CPU @ 2.50GHz, 4 cores, 7G,  Windows 10 , 64 bit Build 16299 (10.0.16299.15)
Time: Sat May 05 08:56:19 2018 Aaea?onu (ceia) elapsed time: 25489 seconds (0d 7h 4m 49s)

---------------  T H R E A D  ---------------

Current thread (0x000002517e682800):  VMThread "VM Thread" [stack: 0x000000f67c200000,0x000000f67c300000] [user_id=4804]

Stack: [0x000000f67c200000,0x000000f67c300000]
[error occurred during error reporting (printing stack bounds), user_id 0xe0000000]

Native frames: (J=compiled Java code, j=interpreted, Vv=VM code, C=native code)
V  [jvm.dll+0x5a0369]
V  [jvm.dll+0x6bcf81]
V  [jvm.dll+0x6be176]
V  [jvm.dll+0x6be765]
V  [jvm.dll+0x6be71b]
V  [jvm.dll+0x59fb63]
V  [jvm.dll+0x59ff68]
C  [ntdll.dll+0xa4c6d]
C  [ntdll.dll+0x1d1d8]
C  [ntdll.dll+0xa3b9e]
C  0x0000025100000ead

VM_Operation (0x000000f67cbff2f0): GetOrSetLocal, mode: safepoint, requested by thread 0x000002517f43c000


---------------  P R O C E S S  ---------------

Threads class SMR info:
_java_thread_list=0x000002517f222d60, length=16, elements={
0x000002517e686000, 0x000002517e688800, 0x000002517e6a2800, 0x000002517e6a5000,
0x000002517e6a9800, 0x000002517e6ac800, 0x000002517e6c1000, 0x000002517e6cd800,
0x000002517f43c000, 0x000002517f3ce000, 0x000002517f433000, 0x000002517f475800,
0x000002517f418800, 0x000002517f4d4000, 0x000002517f1a1800, 0x000002517f1a7000
}
_to_delete_list=0x000002517f6fe3c0, length=17, elements={
0x000002517e686000, 0x000002517e688800, 0x000002517e6a2800, 0x000002517e6a5000,
0x000002517e6a9800, 0x000002517e6ac800, 0x000002517e6c1000, 0x000002517e6cd800,
0x000002517f43c000, 0x000002517f3ce000, 0x000002517f433000, 0x000002517f475800,
0x000002517f418800, 0x000002517f4d4000, 0x000002517f1a1800, 0x000002517f1a4000,
0x000002517f1a7000
}

Java Threads: ( => current thread )
  0x000002517e686000 JavaThread "Reference Handler" daemon [_thread_blocked, user_id=2212, stack(0x000000f67c300000,0x000000f67c400000)]
  0x000002517e688800 JavaThread "Finalizer" daemon [_thread_blocked, user_id=11600, stack(0x000000f67c400000,0x000000f67c500000)]
  0x000002517e6a2800 JavaThread "Signal Dispatcher" daemon [_thread_blocked, user_id=13140, stack(0x000000f67c500000,0x000000f67c600000)]
  0x000002517e6a5000 JavaThread "Attach Listener" daemon [_thread_blocked, user_id=8344, stack(0x000000f67c600000,0x000000f67c700000)]
  0x000002517e6a9800 JavaThread "C2 CompilerThread0" daemon [_thread_blocked, user_id=5020, stack(0x000000f67c700000,0x000000f67c800000)]
  0x000002517e6ac800 JavaThread "C2 CompilerThread1" daemon [_thread_blocked, user_id=11484, stack(0x000000f67c800000,0x000000f67c900000)]
  0x000002517e6c1000 JavaThread "C1 CompilerThread2" daemon [_thread_blocked, user_id=9468, stack(0x000000f67c900000,0x000000f67ca00000)]
  0x000002517e6cd800 JavaThread "Sweeper thread" daemon [_thread_blocked, user_id=3356, stack(0x000000f67ca00000,0x000000f67cb00000)]
  0x000002517f43c000 JavaThread "JDWP Transport Listener: dt_socket" daemon [_thread_blocked, user_id=11856, stack(0x000000f67cb00000,0x000000f67cc00000)] _threads_hazard_ptr=0x000002517f222d60
  0x000002517f3ce000 JavaThread "JDWP Event Helper Thread" daemon [_thread_blocked, user_id=10084, stack(0x000000f67cc00000,0x000000f67cd00000)]
  0x000002517f433000 JavaThread "JDWP Command Reader" daemon [_thread_in_native, user_id=10384, stack(0x000000f67cd00000,0x000000f67ce00000)]
  0x000002517f475800 JavaThread "Common-Cleaner" daemon [_thread_blocked, user_id=6996, stack(0x000000f67ce00000,0x000000f67cf00000)]
  0x000002517f418800 JavaThread "Service Thread" daemon [_thread_blocked, user_id=9568, stack(0x000000f67cf00000,0x000000f67d000000)]
  0x000002517f4d4000 JavaThread "Thread-2" [_thread_blocked, user_id=2060, stack(0x000000f67d300000,0x000000f67d400000)]
  0x000002517f1a1800 JavaThread "Thread-11" [_thread_blocked, user_id=12472, stack(0x000000f67dc00000,0x000000f67dd00000)]
  0x000002517f1a7000 JavaThread "DestroyJavaVM" [_thread_blocked, user_id=7496, stack(0x000000f67b600000,0x000000f67b700000)]

Other Threads:
=>0x000002517e682800 VMThread "VM Thread" [stack: 0x000000f67c200000,0x000000f67c300000] [user_id=4804]
  0x000002517f3a1000 WatcherThread [stack: 0x000000f67d000000,0x000000f67d100000] [user_id=4764]
  0x000002517027a000 GCTaskThread "GC Thread#0" [stack: 0x000000f67b700000,0x000000f67b800000] [user_id=4992]
  0x000002517027b800 GCTaskThread "GC Thread#1" [stack: 0x000000f67b800000,0x000000f67b900000] [user_id=6184]
  0x000002517027d000 GCTaskThread "GC Thread#2" [stack: 0x000000f67b900000,0x000000f67ba00000] [user_id=10920]
  0x000002517027f000 GCTaskThread "GC Thread#3" [stack: 0x000000f67ba00000,0x000000f67bb00000] [user_id=632]
  0x00000251702e9800 ConcurrentGCThread "G1 Main Marker" [stack: 0x000000f67bb00000,0x000000f67bc00000] [user_id=6220]
  0x00000251702ec800 ConcurrentGCThread "G1 Conc#0" [stack: 0x000000f67bc00000,0x000000f67bd00000] [user_id=5476]
  0x000002517033e000 ConcurrentGCThread "G1 Refine#0" [stack: 0x000000f67bd00000,0x000000f67be00000] [user_id=10764]
  0x000002517e508800 ConcurrentGCThread "G1 Refine#1" [stack: 0x000000f67be00000,0x000000f67bf00000] [user_id=10632]
  0x000002517e50a000 ConcurrentGCThread "G1 Refine#2" [stack: 0x000000f67bf00000,0x000000f67c000000] [user_id=536]
  0x000002517e50b000 ConcurrentGCThread "G1 Refine#3" [stack: 0x000000f67c000000,0x000000f67c100000] [user_id=4252]
  0x000002517e50d800 ConcurrentGCThread "G1 Young RemSet Sampling" [stack: 0x000000f67c100000,0x000000f67c200000] [user_id=11912]

Threads with active compile tasks:

VM state:at safepoint (normal execution)

VM Mutex/Monitor currently owned by a thread:  ([mutex/lock_event])
[0x000002517025c940] Threads_lock - owner thread: 0x000002517e682800

Heap address: 0x0000000081600000, size: 2026 MB, Compressed Oops mode: 32-bit
Narrow klass base: 0x0000000000000000, Narrow klass shift: 3
Compressed class space size: 1073741824 Address: 0x0000000100000000

Heap:
 garbage-first heap   total 131072K, used 9216K [0x0000000081600000, 0x0000000100000000)
  region size 1024K, 10 young (10240K), 0 survivors (0K)
 Metaspace       used 7006K, capacity 7253K, committed 7424K, reserved 1056768K
  class space    used 623K, capacity 744K, committed 768K, reserved 1048576K
Heap Regions: E=young(eden), S=young(survivor), O=old, HS=humongous(starts), HC=humongous(continues), CS=collection set, F=free, A=archive, TS=gc time stamp, AC=allocation context, TAMS=top-at-mark-start (previous, next)
|   0|0x0000000081600000, 0x0000000081600000, 0x0000000081700000|  0%| F|  |TS  0|AC  0|TAMS 0x0000000081600000, 0x0000000081600000|
|   1|0x0000000081700000, 0x0000000081700000, 0x0000000081800000|  0%| F|  |TS  0|AC  0|TAMS 0x0000000081700000, 0x0000000081700000|
|   2|0x0000000081800000, 0x0000000081800000, 0x0000000081900000|  0%| F|  |TS  0|AC  0|TAMS 0x0000000081800000, 0x0000000081800000|
|   3|0x0000000081900000, 0x0000000081900000, 0x0000000081a00000|  0%| F|  |TS  0|AC  0|TAMS 0x0000000081900000, 0x0000000081900000|
|   4|0x0000000081a00000, 0x0000000081a00000, 0x0000000081b00000|  0%| F|  |TS  0|AC  0|TAMS 0x0000000081a00000, 0x0000000081a00000|
|   5|0x0000000081b00000, 0x0000000081b00000, 0x0000000081c00000|  0%| F|  |TS  0|AC  0|TAMS 0x0000000081b00000, 0x0000000081b00000|
|   6|0x0000000081c00000, 0x0000000081c00000, 0x0000000081d00000|  0%| F|  |TS  0|AC  0|TAMS 0x0000000081c00000, 0x0000000081c00000|
|   7|0x0000000081d00000, 0x0000000081d00000, 0x0000000081e00000|  0%| F|  |TS  0|AC  0|TAMS 0x0000000081d00000, 0x0000000081d00000|
|   8|0x0000000081e00000, 0x0000000081e00000, 0x0000000081f00000|  0%| F|  |TS  0|AC  0|TAMS 0x0000000081e00000, 0x0000000081e00000|
|   9|0x0000000081f00000, 0x0000000081f00000, 0x0000000082000000|  0%| F|  |TS  0|AC  0|TAMS 0x0000000081f00000, 0x0000000081f00000|
|  10|0x0000000082000000, 0x0000000082000000, 0x0000000082100000|  0%| F|  |TS  0|AC  0|TAMS 0x0000000082000000, 0x0000000082000000|
|  11|0x0000000082100000, 0x0000000082100000, 0x0000000082200000|  0%| F|  |TS  0|AC  0|TAMS 0x0000000082100000, 0x0000000082100000|
|  12|0x0000000082200000, 0x0000000082200000, 0x0000000082300000|  0%| F|  |TS  0|AC  0|TAMS 0x0000000082200000, 0x0000000082200000|
|  13|0x0000000082300000, 0x0000000082300000, 0x0000000082400000|  0%| F|  |TS  0|AC  0|TAMS 0x0000000082300000, 0x0000000082300000|
|  14|0x0000000082400000, 0x0000000082400000, 0x0000000082500000|  0%| F|  |TS  0|AC  0|TAMS 0x0000000082400000, 0x0000000082400000|
|  15|0x0000000082500000, 0x0000000082500000, 0x0000000082600000|  0%| F|  |TS  0|AC  0|TAMS 0x0000000082500000, 0x0000000082500000|
|  16|0x0000000082600000, 0x0000000082600000, 0x0000000082700000|  0%| F|  |TS  0|AC  0|TAMS 0x0000000082600000, 0x0000000082600000|
|  17|0x0000000082700000, 0x0000000082700000, 0x0000000082800000|  0%| F|  |TS  0|AC  0|TAMS 0x0000000082700000, 0x0000000082700000|
|  18|0x0000000082800000, 0x0000000082800000, 0x0000000082900000|  0%| F|  |TS  0|AC  0|TAMS 0x0000000082800000, 0x0000000082800000|
|  19|0x0000000082900000, 0x0000000082900000, 0x0000000082a00000|  0%| F|  |TS  0|AC  0|TAMS 0x0000000082900000, 0x0000000082900000|
|  20|0x0000000082a00000, 0x0000000082a00000, 0x0000000082b00000|  0%| F|  |TS  0|AC  0|TAMS 0x0000000082a00000, 0x0000000082a00000|
|  21|0x0000000082b00000, 0x0000000082b00000, 0x0000000082c00000|  0%| F|  |TS  0|AC  0|TAMS 0x0000000082b00000, 0x0000000082b00000|
|  22|0x0000000082c00000, 0x0000000082c00000, 0x0000000082d00000|  0%| F|  |TS  0|AC  0|TAMS 0x0000000082c00000, 0x0000000082c00000|
|  23|0x0000000082d00000, 0x0000000082d00000, 0x0000000082e00000|  0%| F|  |TS  0|AC  0|TAMS 0x0000000082d00000, 0x0000000082d00000|
|  24|0x0000000082e00000, 0x0000000082e00000, 0x0000000082f00000|  0%| F|  |TS  0|AC  0|TAMS 0x0000000082e00000, 0x0000000082e00000|
|  25|0x0000000082f00000, 0x0000000082f00000, 0x0000000083000000|  0%| F|  |TS  0|AC  0|TAMS 0x0000000082f00000, 0x0000000082f00000|
|  26|0x0000000083000000, 0x0000000083000000, 0x0000000083100000|  0%| F|  |TS  0|AC  0|TAMS 0x0000000083000000, 0x0000000083000000|
|  27|0x0000000083100000, 0x0000000083100000, 0x0000000083200000|  0%| F|  |TS  0|AC  0|TAMS 0x0000000083100000, 0x0000000083100000|
|  28|0x0000000083200000, 0x0000000083200000, 0x0000000083300000|  0%| F|  |TS  0|AC  0|TAMS 0x0000000083200000, 0x0000000083200000|
|  29|0x0000000083300000, 0x0000000083300000, 0x0000000083400000|  0%| F|  |TS  0|AC  0|TAMS 0x0000000083300000, 0x0000000083300000|
|  30|0x0000000083400000, 0x0000000083400000, 0x0000000083500000|  0%| F|  |TS  0|AC  0|TAMS 0x0000000083400000, 0x0000000083400000|
|  31|0x0000000083500000, 0x0000000083500000, 0x0000000083600000|  0%| F|  |TS  0|AC  0|TAMS 0x0000000083500000, 0x0000000083500000|
|  32|0x0000000083600000, 0x0000000083600000, 0x0000000083700000|  0%| F|  |TS  0|AC  0|TAMS 0x0000000083600000, 0x0000000083600000|
|  33|0x0000000083700000, 0x0000000083700000, 0x0000000083800000|  0%| F|  |TS  0|AC  0|TAMS 0x0000000083700000, 0x0000000083700000|
|  34|0x0000000083800000, 0x0000000083800000, 0x0000000083900000|  0%| F|  |TS  0|AC  0|TAMS 0x0000000083800000, 0x0000000083800000|
|  35|0x0000000083900000, 0x0000000083900000, 0x0000000083a00000|  0%| F|  |TS  0|AC  0|TAMS 0x0000000083900000, 0x0000000083900000|
|  36|0x0000000083a00000, 0x0000000083a00000, 0x0000000083b00000|  0%| F|  |TS  0|AC  0|TAMS 0x0000000083a00000, 0x0000000083a00000|
|  37|0x0000000083b00000, 0x0000000083b00000, 0x0000000083c00000|  0%| F|  |TS  0|AC  0|TAMS 0x0000000083b00000, 0x0000000083b00000|
|  38|0x0000000083c00000, 0x0000000083c00000, 0x0000000083d00000|  0%| F|  |TS  0|AC  0|TAMS 0x0000000083c00000, 0x0000000083c00000|
|  39|0x0000000083d00000, 0x0000000083d00000, 0x0000000083e00000|  0%| F|  |TS  0|AC  0|TAMS 0x0000000083d00000, 0x0000000083d00000|
|  40|0x0000000083e00000, 0x0000000083e00000, 0x0000000083f00000|  0%| F|  |TS  0|AC  0|TAMS 0x0000000083e00000, 0x0000000083e00000|
|  41|0x0000000083f00000, 0x0000000083f00000, 0x0000000084000000|  0%| F|  |TS  0|AC  0|TAMS 0x0000000083f00000, 0x0000000083f00000|
|  42|0x0000000084000000, 0x0000000084000000, 0x0000000084100000|  0%| F|  |TS  0|AC  0|TAMS 0x0000000084000000, 0x0000000084000000|
|  43|0x0000000084100000, 0x0000000084100000, 0x0000000084200000|  0%| F|  |TS  0|AC  0|TAMS 0x0000000084100000, 0x0000000084100000|
|  44|0x0000000084200000, 0x0000000084200000, 0x0000000084300000|  0%| F|  |TS  0|AC  0|TAMS 0x0000000084200000, 0x0000000084200000|
|  45|0x0000000084300000, 0x0000000084300000, 0x0000000084400000|  0%| F|  |TS  0|AC  0|TAMS 0x0000000084300000, 0x0000000084300000|
|  46|0x0000000084400000, 0x0000000084400000, 0x0000000084500000|  0%| F|  |TS  0|AC  0|TAMS 0x0000000084400000, 0x0000000084400000|
|  47|0x0000000084500000, 0x0000000084500000, 0x0000000084600000|  0%| F|  |TS  0|AC  0|TAMS 0x0000000084500000, 0x0000000084500000|
|  48|0x0000000084600000, 0x0000000084600000, 0x0000000084700000|  0%| F|  |TS  0|AC  0|TAMS 0x0000000084600000, 0x0000000084600000|
|  49|0x0000000084700000, 0x0000000084700000, 0x0000000084800000|  0%| F|  |TS  0|AC  0|TAMS 0x0000000084700000, 0x0000000084700000|
|  50|0x0000000084800000, 0x0000000084800000, 0x0000000084900000|  0%| F|  |TS  0|AC  0|TAMS 0x0000000084800000, 0x0000000084800000|
|  51|0x0000000084900000, 0x0000000084900000, 0x0000000084a00000|  0%| F|  |TS  0|AC  0|TAMS 0x0000000084900000, 0x0000000084900000|
|  52|0x0000000084a00000, 0x0000000084a00000, 0x0000000084b00000|  0%| F|  |TS  0|AC  0|TAMS 0x0000000084a00000, 0x0000000084a00000|
|  53|0x0000000084b00000, 0x0000000084b00000, 0x0000000084c00000|  0%| F|  |TS  0|AC  0|TAMS 0x0000000084b00000, 0x0000000084b00000|
|  54|0x0000000084c00000, 0x0000000084c00000, 0x0000000084d00000|  0%| F|  |TS  0|AC  0|TAMS 0x0000000084c00000, 0x0000000084c00000|
|  55|0x0000000084d00000, 0x0000000084d00000, 0x0000000084e00000|  0%| F|  |TS  0|AC  0|TAMS 0x0000000084d00000, 0x0000000084d00000|
|  56|0x0000000084e00000, 0x0000000084e00000, 0x0000000084f00000|  0%| F|  |TS  0|AC  0|TAMS 0x0000000084e00000, 0x0000000084e00000|
|  57|0x0000000084f00000, 0x0000000084f00000, 0x0000000085000000|  0%| F|  |TS  0|AC  0|TAMS 0x0000000084f00000, 0x0000000084f00000|
|  58|0x0000000085000000, 0x0000000085000000, 0x0000000085100000|  0%| F|  |TS  0|AC  0|TAMS 0x0000000085000000, 0x0000000085000000|
|  59|0x0000000085100000, 0x0000000085100000, 0x0000000085200000|  0%| F|  |TS  0|AC  0|TAMS 0x0000000085100000, 0x0000000085100000|
|  60|0x0000000085200000, 0x0000000085200000, 0x0000000085300000|  0%| F|  |TS  0|AC  0|TAMS 0x0000000085200000, 0x0000000085200000|
|  61|0x0000000085300000, 0x0000000085300000, 0x0000000085400000|  0%| F|  |TS  0|AC  0|TAMS 0x0000000085300000, 0x0000000085300000|
|  62|0x0000000085400000, 0x0000000085400000, 0x0000000085500000|  0%| F|  |TS  0|AC  0|TAMS 0x0000000085400000, 0x0000000085400000|
|  63|0x0000000085500000, 0x0000000085500000, 0x0000000085600000|  0%| F|  |TS  0|AC  0|TAMS 0x0000000085500000, 0x0000000085500000|
|  64|0x0000000085600000, 0x0000000085600000, 0x0000000085700000|  0%| F|  |TS  0|AC  0|TAMS 0x0000000085600000, 0x0000000085600000|
|  65|0x0000000085700000, 0x0000000085700000, 0x0000000085800000|  0%| F|  |TS  0|AC  0|TAMS 0x0000000085700000, 0x0000000085700000|
|  66|0x0000000085800000, 0x0000000085800000, 0x0000000085900000|  0%| F|  |TS  0|AC  0|TAMS 0x0000000085800000, 0x0000000085800000|
|  67|0x0000000085900000, 0x0000000085900000, 0x0000000085a00000|  0%| F|  |TS  0|AC  0|TAMS 0x0000000085900000, 0x0000000085900000|
|  68|0x0000000085a00000, 0x0000000085a00000, 0x0000000085b00000|  0%| F|  |TS  0|AC  0|TAMS 0x0000000085a00000, 0x0000000085a00000|
|  69|0x0000000085b00000, 0x0000000085b00000, 0x0000000085c00000|  0%| F|  |TS  0|AC  0|TAMS 0x0000000085b00000, 0x0000000085b00000|
|  70|0x0000000085c00000, 0x0000000085c00000, 0x0000000085d00000|  0%| F|  |TS  0|AC  0|TAMS 0x0000000085c00000, 0x0000000085c00000|
|  71|0x0000000085d00000, 0x0000000085d00000, 0x0000000085e00000|  0%| F|  |TS  0|AC  0|TAMS 0x0000000085d00000, 0x0000000085d00000|
|  72|0x0000000085e00000, 0x0000000085e00000, 0x0000000085f00000|  0%| F|  |TS  0|AC  0|TAMS 0x0000000085e00000, 0x0000000085e00000|
|  73|0x0000000085f00000, 0x0000000085f00000, 0x0000000086000000|  0%| F|  |TS  0|AC  0|TAMS 0x0000000085f00000, 0x0000000085f00000|
|  74|0x0000000086000000, 0x0000000086000000, 0x0000000086100000|  0%| F|  |TS  0|AC  0|TAMS 0x0000000086000000, 0x0000000086000000|
|  75|0x0000000086100000, 0x0000000086100000, 0x0000000086200000|  0%| F|  |TS  0|AC  0|TAMS 0x0000000086100000, 0x0000000086100000|
|  76|0x0000000086200000, 0x0000000086200000, 0x0000000086300000|  0%| F|  |TS  0|AC  0|TAMS 0x0000000086200000, 0x0000000086200000|
|  77|0x0000000086300000, 0x0000000086300000, 0x0000000086400000|  0%| F|  |TS  0|AC  0|TAMS 0x0000000086300000, 0x0000000086300000|
|  78|0x0000000086400000, 0x0000000086400000, 0x0000000086500000|  0%| F|  |TS  0|AC  0|TAMS 0x0000000086400000, 0x0000000086400000|
|  79|0x0000000086500000, 0x0000000086500000, 0x0000000086600000|  0%| F|  |TS  0|AC  0|TAMS 0x0000000086500000, 0x0000000086500000|
|  80|0x0000000086600000, 0x0000000086600000, 0x0000000086700000|  0%| F|  |TS  0|AC  0|TAMS 0x0000000086600000, 0x0000000086600000|
|  81|0x0000000086700000, 0x0000000086700000, 0x0000000086800000|  0%| F|  |TS  0|AC  0|TAMS 0x0000000086700000, 0x0000000086700000|
|  82|0x0000000086800000, 0x0000000086800000, 0x0000000086900000|  0%| F|  |TS  0|AC  0|TAMS 0x0000000086800000, 0x0000000086800000|
|  83|0x0000000086900000, 0x0000000086900000, 0x0000000086a00000|  0%| F|  |TS  0|AC  0|TAMS 0x0000000086900000, 0x0000000086900000|
|  84|0x0000000086a00000, 0x0000000086a00000, 0x0000000086b00000|  0%| F|  |TS  0|AC  0|TAMS 0x0000000086a00000, 0x0000000086a00000|
|  85|0x0000000086b00000, 0x0000000086b00000, 0x0000000086c00000|  0%| F|  |TS  0|AC  0|TAMS 0x0000000086b00000, 0x0000000086b00000|
|  86|0x0000000086c00000, 0x0000000086c00000, 0x0000000086d00000|  0%| F|  |TS  0|AC  0|TAMS 0x0000000086c00000, 0x0000000086c00000|
|  87|0x0000000086d00000, 0x0000000086d00000, 0x0000000086e00000|  0%| F|  |TS  0|AC  0|TAMS 0x0000000086d00000, 0x0000000086d00000|
|  88|0x0000000086e00000, 0x0000000086e00000, 0x0000000086f00000|  0%| F|  |TS  0|AC  0|TAMS 0x0000000086e00000, 0x0000000086e00000|
|  89|0x0000000086f00000, 0x0000000086f00000, 0x0000000087000000|  0%| F|  |TS  0|AC  0|TAMS 0x0000000086f00000, 0x0000000086f00000|
|  90|0x0000000087000000, 0x0000000087000000, 0x0000000087100000|  0%| F|  |TS  0|AC  0|TAMS 0x0000000087000000, 0x0000000087000000|
|  91|0x0000000087100000, 0x0000000087100000, 0x0000000087200000|  0%| F|  |TS  0|AC  0|TAMS 0x0000000087100000, 0x0000000087100000|
|  92|0x0000000087200000, 0x0000000087200000, 0x0000000087300000|  0%| F|  |TS  0|AC  0|TAMS 0x0000000087200000, 0x0000000087200000|
|  93|0x0000000087300000, 0x0000000087300000, 0x0000000087400000|  0%| F|  |TS  0|AC  0|TAMS 0x0000000087300000, 0x0000000087300000|
|  94|0x0000000087400000, 0x0000000087400000, 0x0000000087500000|  0%| F|  |TS  0|AC  0|TAMS 0x0000000087400000, 0x0000000087400000|
|  95|0x0000000087500000, 0x0000000087500000, 0x0000000087600000|  0%| F|  |TS  0|AC  0|TAMS 0x0000000087500000, 0x0000000087500000|
|  96|0x0000000087600000, 0x0000000087600000, 0x0000000087700000|  0%| F|  |TS  0|AC  0|TAMS 0x0000000087600000, 0x0000000087600000|
|  97|0x0000000087700000, 0x0000000087700000, 0x0000000087800000|  0%| F|  |TS  0|AC  0|TAMS 0x0000000087700000, 0x0000000087700000|
|  98|0x0000000087800000, 0x0000000087800000, 0x0000000087900000|  0%| F|  |TS  0|AC  0|TAMS 0x0000000087800000, 0x0000000087800000|
|  99|0x0000000087900000, 0x0000000087900000, 0x0000000087a00000|  0%| F|  |TS  0|AC  0|TAMS 0x0000000087900000, 0x0000000087900000|
| 100|0x0000000087a00000, 0x0000000087a00000, 0x0000000087b00000|  0%| F|  |TS  0|AC  0|TAMS 0x0000000087a00000, 0x0000000087a00000|
| 101|0x0000000087b00000, 0x0000000087b00000, 0x0000000087c00000|  0%| F|  |TS  0|AC  0|TAMS 0x0000000087b00000, 0x0000000087b00000|
| 102|0x0000000087c00000, 0x0000000087c00000, 0x0000000087d00000|  0%| F|  |TS  0|AC  0|TAMS 0x0000000087c00000, 0x0000000087c00000|
| 103|0x0000000087d00000, 0x0000000087d00000, 0x0000000087e00000|  0%| F|  |TS  0|AC  0|TAMS 0x0000000087d00000, 0x0000000087d00000|
| 104|0x0000000087e00000, 0x0000000087e00000, 0x0000000087f00000|  0%| F|  |TS  0|AC  0|TAMS 0x0000000087e00000, 0x0000000087e00000|
| 105|0x0000000087f00000, 0x0000000087f00000, 0x0000000088000000|  0%| F|  |TS  0|AC  0|TAMS 0x0000000087f00000, 0x0000000087f00000|
| 106|0x0000000088000000, 0x0000000088000000, 0x0000000088100000|  0%| F|  |TS  0|AC  0|TAMS 0x0000000088000000, 0x0000000088000000|
| 107|0x0000000088100000, 0x0000000088100000, 0x0000000088200000|  0%| F|  |TS  0|AC  0|TAMS 0x0000000088100000, 0x0000000088100000|
| 108|0x0000000088200000, 0x0000000088200000, 0x0000000088300000|  0%| F|  |TS  0|AC  0|TAMS 0x0000000088200000, 0x0000000088200000|
| 109|0x0000000088300000, 0x0000000088300000, 0x0000000088400000|  0%| F|  |TS  0|AC  0|TAMS 0x0000000088300000, 0x0000000088300000|
| 110|0x0000000088400000, 0x0000000088400000, 0x0000000088500000|  0%| F|  |TS  0|AC  0|TAMS 0x0000000088400000, 0x0000000088400000|
| 111|0x0000000088500000, 0x0000000088500000, 0x0000000088600000|  0%| F|  |TS  0|AC  0|TAMS 0x0000000088500000, 0x0000000088500000|
| 112|0x0000000088600000, 0x0000000088600000, 0x0000000088700000|  0%| F|  |TS  0|AC  0|TAMS 0x0000000088600000, 0x0000000088600000|
| 113|0x0000000088700000, 0x0000000088700000, 0x0000000088800000|  0%| F|  |TS  0|AC  0|TAMS 0x0000000088700000, 0x0000000088700000|
| 114|0x0000000088800000, 0x0000000088800000, 0x0000000088900000|  0%| F|  |TS  0|AC  0|TAMS 0x0000000088800000, 0x0000000088800000|
| 115|0x0000000088900000, 0x0000000088900000, 0x0000000088a00000|  0%| F|  |TS  0|AC  0|TAMS 0x0000000088900000, 0x0000000088900000|
| 116|0x0000000088a00000, 0x0000000088a00000, 0x0000000088b00000|  0%| F|  |TS  0|AC  0|TAMS 0x0000000088a00000, 0x0000000088a00000|
| 117|0x0000000088b00000, 0x0000000088b00000, 0x0000000088c00000|  0%| F|  |TS  0|AC  0|TAMS 0x0000000088b00000, 0x0000000088b00000|
| 118|0x0000000088c00000, 0x0000000088d00000, 0x0000000088d00000|100%| E|  |TS  0|AC  0|TAMS 0x0000000088c00000, 0x0000000088c00000|
| 119|0x0000000088d00000, 0x0000000088e00000, 0x0000000088e00000|100%| E|CS|TS  0|AC  0|TAMS 0x0000000088d00000, 0x0000000088d00000|
| 120|0x0000000088e00000, 0x0000000088f00000, 0x0000000088f00000|100%| E|CS|TS  0|AC  0|TAMS 0x0000000088e00000, 0x0000000088e00000|
| 121|0x0000000088f00000, 0x0000000089000000, 0x0000000089000000|100%| E|CS|TS  0|AC  0|TAMS 0x0000000088f00000, 0x0000000088f00000|
| 122|0x0000000089000000, 0x0000000089100000, 0x0000000089100000|100%| E|CS|TS  0|AC  0|TAMS 0x0000000089000000, 0x0000000089000000|
| 123|0x0000000089100000, 0x0000000089200000, 0x0000000089200000|100%| E|CS|TS  0|AC  0|TAMS 0x0000000089100000, 0x0000000089100000|
| 124|0x0000000089200000, 0x0000000089300000, 0x0000000089300000|100%| E|CS|TS  0|AC  0|TAMS 0x0000000089200000, 0x0000000089200000|
| 125|0x0000000089300000, 0x0000000089400000, 0x0000000089400000|100%| E|CS|TS  0|AC  0|TAMS 0x0000000089300000, 0x0000000089300000|
| 126|0x0000000089400000, 0x0000000089500000, 0x0000000089500000|100%| E|CS|TS  0|AC  0|TAMS 0x0000000089400000, 0x0000000089400000|
| 127|0x0000000089500000, 0x0000000089600000, 0x0000000089600000|100%| E|CS|TS  0|AC  0|TAMS 0x0000000089500000, 0x0000000089500000|

Card table byte_map: [0x000002517b9f0000,0x000002517bdf0000] byte_map_base: 0x000002517b5e5000

Marking Bits (Prev, Next): (CMBitMap*) 0x00000251702e8a60, (CMBitMap*) 0x00000251702e8a98
 Prev Bits: [0x000002517c1f0000, 0x000002517e198000)
 Next Bits: [0x000002510f000000, 0x0000025110fa8000)

Polling page: 0x000002516bfd0000

CodeHeap 'non-profiled nmethods': size=120064Kb used=277Kb max_used=277Kb free=119786Kb
 bounds [0x0000025107ac0000, 0x0000025107d30000, 0x000002510f000000]
CodeHeap 'profiled nmethods': size=120000Kb used=1002Kb max_used=1002Kb free=118997Kb
 bounds [0x0000025100590000, 0x0000025100800000, 0x0000025107ac0000]
CodeHeap 'non-nmethods': size=5696Kb used=1145Kb max_used=1176Kb free=4550Kb
 bounds [0x0000025100000000, 0x0000025100270000, 0x0000025100590000]
 total_blobs=1180 nmethods=636 adapters=274
 compilation: enabled

Compilation events (10 events):
Event: 357.240 Thread 0x000002517e6c1000  675       3       java.nio.Buffer::remaining (10 bytes)
Event: 357.240 Thread 0x000002517e6c1000 nmethod 675 0x0000025100687b90 code [0x0000025100687d40, 0x0000025100687e98]
Event: 357.240 Thread 0x000002517e6c1000  676       3       java.nio.ByteBuffer::clear (7 bytes)
Event: 357.240 Thread 0x000002517e6c1000 nmethod 676 0x0000025100687f10 code [0x00000251006880c0, 0x0000025100688298]
Event: 357.243 Thread 0x000002517e6c1000  677       3       java.util.HashMap::putVal (300 bytes)
Event: 357.244 Thread 0x000002517e6c1000 nmethod 677 0x0000025100688390 code [0x0000025100688660, 0x0000025100689900]
Event: 357.244 Thread 0x000002517e6c1000  679       3       java.nio.CharBuffer::<init> (22 bytes)
Event: 357.245 Thread 0x000002517e6c1000 nmethod 679 0x0000025100689f10 code [0x000002510068a0e0, 0x000002510068a310]
Event: 357.245 Thread 0x000002517e6c1000  678       3       java.lang.invoke.MethodType::listToArray (22 bytes)
Event: 357.245 Thread 0x000002517e6c1000 nmethod 678 0x000002510068a410 code [0x000002510068a680, 0x000002510068ae90]

GC Heap History (0 events):
No events

Deoptimization events (3 events):
Event: 0.279 Thread 0x000002517025d800 Uncommon trap: reason=unstable_if action=reinterpret pc=0x0000025107ac3828 method=java.lang.String.hashCode()I @ 14 c2
Event: 0.883 Thread 0x000002517025d800 Uncommon trap: reason=unstable_if action=reinterpret pc=0x0000025107ad22f4 method=java.lang.String.isLatin1()Z @ 10 c2
Event: 7.923 Thread 0x000002517f4d3000 Uncommon trap: reason=unstable_if action=reinterpret pc=0x0000025107acd010 method=java.util.HashMap.putVal(ILjava/lang/Object;Ljava/lang/Object;ZZ)Ljava/lang/Object; @ 69 c2

Classes redefined (5 events):
Event: 127.612 Thread 0x000002517e682800 redefined class name=by.it.danilevich.jd02_01.Backet, count=1
Event: 197.278 Thread 0x000002517e682800 redefined class name=by.it.danilevich.jd02_01.Backet, count=2
Event: 334.734 Thread 0x000002517e682800 redefined class name=by.it.danilevich.jd02_01.Buyer, count=1
Event: 334.736 Thread 0x000002517e682800 redefined class name=by.it.danilevich.jd02_01.Backet, count=3
Event: 357.030 Thread 0x000002517e682800 redefined class name=by.it.danilevich.jd02_01.Backet, count=4

Internal exceptions (10 events):
Event: 79.483 Thread 0x000002517f222800 Exception <a 'java/lang/ClassCastException'{0x00000000890f88c0}: java.base/java.lang.Double cannot be cast to java.base/java.lang.Integer> (0x00000000890f88c0) thrown at [t:/workspace/open/src/hotspot/share/interpreter/interpreterRuntime.cpp, line 387]
Event: 79.484 Thread 0x000002517f223800 Exception <a 'java/lang/NullPointerException'{0x00000000890adb30}> (0x00000000890adb30) thrown at [t:/workspace/open/src/hotspot/share/interpreter/linkResolver.cpp, line 1324]
Event: 79.488 Thread 0x000002517f4d2800 Exception <a 'java/lang/ClassCastException'{0x0000000088e1f460}: java.base/java.lang.Double cannot be cast to java.base/java.lang.Integer> (0x0000000088e1f460) thrown at [t:/workspace/open/src/hotspot/share/interpreter/interpreterRuntime.cpp, line 387]
Event: 79.489 Thread 0x000002517f308800 Exception <a 'java/lang/ClassCastException'{0x0000000088e9bb00}: java.base/java.lang.Double cannot be cast to java.base/java.lang.Integer> (0x0000000088e9bb00) thrown at [t:/workspace/open/src/hotspot/share/interpreter/interpreterRuntime.cpp, line 387]
Event: 127.978 Thread 0x000002517f25a800 Exception <a 'java/lang/ClassCastException'{0x0000000088e4e928}: java.base/java.lang.Double cannot be cast to java.base/java.lang.Integer> (0x0000000088e4e928) thrown at [t:/workspace/open/src/hotspot/share/interpreter/interpreterRuntime.cpp, line 387]
Event: 127.979 Thread 0x000002517f309000 Exception <a 'java/lang/ClassCastException'{0x0000000088f01378}: java.base/java.lang.Double cannot be cast to java.base/java.lang.Integer> (0x0000000088f01378) thrown at [t:/workspace/open/src/hotspot/share/interpreter/interpreterRuntime.cpp, line 387]
Event: 127.979 Thread 0x000002517f1a2800 Exception <a 'java/lang/ClassCastException'{0x0000000088d4ae70}: java.base/java.lang.Double cannot be cast to java.base/java.lang.Integer> (0x0000000088d4ae70) thrown at [t:/workspace/open/src/hotspot/share/interpreter/interpreterRuntime.cpp, line 387]
Event: 127.981 Thread 0x000002517f30a000 Exception <a 'java/lang/ClassCastException'{0x0000000088f4b140}: java.base/java.lang.Double cannot be cast to java.base/java.lang.Integer> (0x0000000088f4b140) thrown at [t:/workspace/open/src/hotspot/share/interpreter/interpreterRuntime.cpp, line 387]
Event: 357.173 Thread 0x000002517f1a4000 Exception <a 'java/lang/NoSuchMethodError'{0x0000000088cada28}: method resolution failed> (0x0000000088cada28) thrown at [t:/workspace/open/src/hotspot/share/prims/methodHandles.cpp, line 1226]
Event: 357.174 Thread 0x000002517f1a1800 Exception <a 'java/lang/NoSuchMethodError'{0x0000000088ce8660}: java.lang.invoke.DirectMethodHandle$Holder.invokeSpecial(Ljava/lang/Object;Ljava/lang/Object;Ljava/lang/Object;D)Ljava/lang/Object;> (0x0000000088ce8660) thrown at [t:/workspace/open/src/hots

Events (10 events):
Event: 25331.148 Executing VM operation: GetFrameLocation done
Event: 25484.416 Executing VM operation: ChangeBreakpoints
Event: 25484.416 Executing VM operation: ChangeBreakpoints done
Event: 25486.769 Executing VM operation: ChangeBreakpoints
Event: 25486.769 Executing VM operation: ChangeBreakpoints done
Event: 25486.774 Executing VM operation: ChangeBreakpoints
Event: 25486.774 Executing VM operation: ChangeBreakpoints done
Event: 25489.313 Executing VM operation: GetFrameLocation
Event: 25489.313 Executing VM operation: GetFrameLocation done
Event: 25489.313 Executing VM operation: GetOrSetLocal


Dynamic libraries:
0x00007ff6772e0000 - 0x00007ff67731e000 	C:\Program Files\Java\jdk-10.0.1\bin\java.exe
0x00007ff9f1a70000 - 0x00007ff9f1c50000 	C:\Windows\SYSTEM32\ntdll.dll
0x00007ff9ef430000 - 0x00007ff9ef4de000 	C:\Windows\System32\KERNEL32.DLL
0x00007ff9ee0c0000 - 0x00007ff9ee326000 	C:\Windows\System32\KERNELBASE.dll
0x00007ff9efda0000 - 0x00007ff9efe41000 	C:\Windows\System32\ADVAPI32.dll
0x00007ff9ef870000 - 0x00007ff9ef90d000 	C:\Windows\System32\msvcrt.dll
0x00007ff9ef910000 - 0x00007ff9ef96b000 	C:\Windows\System32\sechost.dll
0x00007ff9f01e0000 - 0x00007ff9f02ff000 	C:\Windows\System32\RPCRT4.dll
0x00007ff9efeb0000 - 0x00007ff9f003f000 	C:\Windows\System32\USER32.dll
0x00007ff9ee330000 - 0x00007ff9ee350000 	C:\Windows\System32\win32u.dll
0x00007ff9f19e0000 - 0x00007ff9f1a08000 	C:\Windows\System32\GDI32.dll
0x00007ff9eed70000 - 0x00007ff9eef03000 	C:\Windows\System32\gdi32full.dll
0x00007ff9ee020000 - 0x00007ff9ee0bb000 	C:\Windows\System32\msvcp_win.dll
0x00007ff9edf20000 - 0x00007ff9ee016000 	C:\Windows\System32\ucrtbase.dll
0x00007ff9e3070000 - 0x00007ff9e32d9000 	C:\Windows\WinSxS\amd64_microsoft.windows.common-controls_6595b64144ccf1df_6.0.16299.192_none_15c8cdae9364c23b\COMCTL32.dll
0x00007ff9ef560000 - 0x00007ff9ef868000 	C:\Windows\System32\combase.dll
0x00007ff9e7cc0000 - 0x00007ff9e7cca000 	C:\Windows\SYSTEM32\VERSION.dll
0x00007ff9ede40000 - 0x00007ff9edeb2000 	C:\Windows\System32\bcryptPrimitives.dll
0x00007ff9f03b0000 - 0x00007ff9f03dd000 	C:\Windows\System32\IMM32.DLL
0x00007ff9d2910000 - 0x00007ff9d29ff000 	C:\Program Files\Java\jdk-10.0.1\bin\msvcr120.dll
0x00007ff9dfb00000 - 0x00007ff9dfba6000 	C:\Program Files\Java\jdk-10.0.1\bin\msvcp120.dll
0x0000000050860000 - 0x00000000512d0000 	C:\Program Files\Java\jdk-10.0.1\bin\server\jvm.dll
0x00007ff9ef3c0000 - 0x00007ff9ef3c8000 	C:\Windows\System32\PSAPI.DLL
0x00007ff9d5970000 - 0x00007ff9d5979000 	C:\Windows\SYSTEM32\WSOCK32.dll
0x00007ff9eae20000 - 0x00007ff9eae43000 	C:\Windows\SYSTEM32\WINMM.dll
0x00007ff9efbe0000 - 0x00007ff9efc4c000 	C:\Windows\System32\WS2_32.dll
0x00007ff9eadf0000 - 0x00007ff9eae1a000 	C:\Windows\SYSTEM32\WINMMBASE.dll
0x00007ff9eed20000 - 0x00007ff9eed6a000 	C:\Windows\System32\cfgmgr32.dll
0x00007ff9ea340000 - 0x00007ff9ea34f000 	C:\Program Files\Java\jdk-10.0.1\bin\verify.dll
0x00007ff9d9c20000 - 0x00007ff9d9de8000 	C:\Windows\SYSTEM32\DBGHELP.DLL
0x00007ff9d9bb0000 - 0x00007ff9d9bd9000 	C:\Windows\SYSTEM32\dbgcore.DLL
0x00007ff9e7530000 - 0x00007ff9e7557000 	C:\Program Files\Java\jdk-10.0.1\bin\java.dll
0x00007ff9dfdd0000 - 0x00007ff9dfe06000 	C:\Program Files\Java\jdk-10.0.1\bin\jdwp.dll
0x00007ff9dfcf0000 - 0x00007ff9dfd1a000 	C:\Program Files\Java\jdk-10.0.1\bin\instrument.dll
0x00007ff9e7510000 - 0x00007ff9e7526000 	C:\Program Files\Java\jdk-10.0.1\bin\zip.dll
0x00007ff9ea2f0000 - 0x00007ff9ea2fa000 	C:\Program Files\Java\jdk-10.0.1\bin\jimage.dll
0x00007ff9f04f0000 - 0x00007ff9f1926000 	C:\Windows\System32\SHELL32.dll
0x00007ff9f1930000 - 0x00007ff9f19d6000 	C:\Windows\System32\shcore.dll
0x00007ff9ee400000 - 0x00007ff9eeb47000 	C:\Windows\System32\windows.storage.dll
0x00007ff9efe50000 - 0x00007ff9efea1000 	C:\Windows\System32\shlwapi.dll
0x00007ff9ede00000 - 0x00007ff9ede11000 	C:\Windows\System32\kernel.appcore.dll
0x00007ff9eddb0000 - 0x00007ff9eddfc000 	C:\Windows\System32\powrprof.dll
0x00007ff9ede20000 - 0x00007ff9ede3b000 	C:\Windows\System32\profapi.dll
0x00007ff9e90f0000 - 0x00007ff9e90fa000 	C:\Program Files\Java\jdk-10.0.1\bin\dt_socket.dll
0x00007ff9ed620000 - 0x00007ff9ed686000 	C:\Windows\system32\mswsock.dll
0x00007ff9e1a80000 - 0x00007ff9e1a9a000 	C:\Program Files\Java\jdk-10.0.1\bin\net.dll
0x00007ff9e2e40000 - 0x00007ff9e2f1e000 	C:\Windows\SYSTEM32\WINHTTP.dll
0x00007ff9dfc20000 - 0x00007ff9dfc31000 	C:\Program Files\Java\jdk-10.0.1\bin\nio.dll

dbghelp: loaded successfully - version: 4.0.5 - missing functions: none
symbol engine: initialized successfully - sym options: 0x614 - pdb path: .;C:\Program Files\Java\jdk-10.0.1\bin;C:\Windows\SYSTEM32;C:\Windows\WinSxS\amd64_microsoft.windows.common-controls_6595b64144ccf1df_6.0.16299.192_none_15c8cdae9364c23b;C:\Program Files\Java\jdk-10.0.1\bin\server

VM Arguments:
jvm_args: -agentlib:jdwp=transport=dt_socket,address=127.0.0.1:53742,suspend=y,server=n -javaagent:C:\Users\Admin\AppData\Local\Temp\capture1jars\debugger-agent.jar=file:/C:/Users/Admin/AppData/Local/Temp/capture.props -Dfile.encoding=UTF-8 
java_command: by.it.danilevich.jd02_01.Runner
java_class_path (initial): D:\Java\JD2018_03_22\out\production\JD2018_03_22;D:\Java\JD2018_03_22\init.jar;C:\Program Files\JetBrains\IntelliJ IDEA Community Edition 2018.1.2\lib\idea_rt.jar
Launcher Type: SUN_STANDARD

Logging:
Log output configuration:
#0: stdout all=warning uptime,level,tags
#1: stderr all=off uptime,level,tags

Environment Variables:
PATH=C:\Program Files (x86)\Common Files\Oracle\Java\javapath;C:\Windows\system32;C:\Windows;C:\Windows\System32\Wbem;C:\Windows\System32\WindowsPowerShell\v1.0\;C:\Program Files (x86)\NVIDIA Corporation\PhysX\Common;C:\Program Files\Intel\WiFi\bin\;C:\Program Files\Common Files\Intel\WirelessCommon\;C:\Program Files (x86)\Skype\Phone\;C:\Users\Admin\AppData\Local\Microsoft\WindowsApps;C:\Program Files\Intel\WiFi\bin\;C:\Program Files\Common Files\Intel\WirelessCommon\
USERNAME=Admin
OS=Windows_NT
PROCESSOR_IDENTIFIER=Intel64 Family 6 Model 142 Stepping 9, GenuineIntel



---------------  S Y S T E M  ---------------

OS: Windows 10 , 64 bit Build 16299 (10.0.16299.15)

CPU:total 4 (initial active 4) (2 cores per cpu, 2 threads per core) family 6 model 142 stepping 9, cmov, cx8, fxsr, mmx, sse, sse2, sse3, ssse3, sse4.1, sse4.2, popcnt, avx, avx2, aes, clmul, erms, 3dnowpref, lzcnt, ht, tsc, tscinvbit, bmi1, bmi2, adx, fma

Memory: 4k page, physical 8295652k(2367840k free), swap 10261732k(2057348k free)

vm_info: Java HotSpot(TM) 64-Bit Server VM (10.0.1+10) for windows-amd64 JRE (10.0.1+10), built on Mar 27 2018 02:27:48 by "mach5one" with MS VC++ 12.0 (VS2013)

END.
